<?xml version="1.0" encoding="UTF-8" standalone="no"?><testsuite errors="0" failures="1" name="Realizar cargue de inventario" skipped="2" tests="3" time="42.48" timestamp="2024-10-16 09:22:24"><testcase name="Cargar inventario"><failure message="&#13;&#10;Expected: an element that is visible&#13;&#10;     but: no matching element found by [[ChromeDriver: chrome on WINDOWS (a461807ad3480cc185baa1602d24a8bd)] -&gt; xpath: (//input[@class='ant-radio-input'])[1]]" type="java.lang.AssertionError">&#13;
Expected: an element that is visible&#13;
     but: no matching element found by [[ChromeDriver: chrome on WINDOWS (a461807ad3480cc185baa1602d24a8bd)] -&gt; xpath: (//input[@class='ant-radio-input'])[1]]</failure><system-err>&#13;
Expected: an element that is visible&#13;
     but: no matching element found by [[ChromeDriver: chrome on WINDOWS (a461807ad3480cc185baa1602d24a8bd)] -&gt; xpath: (//input[@class='ant-radio-input'])[1]]&#13;
co.compensar.tasks.CargarinventarioTask.performAs(CargarinventarioTask.java:29)&#13;
co.compensar.stepDefinitions.CargarInventarioStepDefinitions.realizaUnCargueDeInventario(CargarInventarioStepDefinitions.java:12)&#13;
io.cucumber.java.Invoker.doInvoke(Invoker.java:66)&#13;
io.cucumber.java.Invoker.invoke(Invoker.java:24)&#13;
io.cucumber.java.AbstractGlueDefinition.invokeMethod(AbstractGlueDefinition.java:47)&#13;
io.cucumber.java.JavaStepDefinition.execute(JavaStepDefinition.java:29)&#13;
io.cucumber.core.runner.CoreStepDefinition.execute(CoreStepDefinition.java:66)&#13;
io.cucumber.core.runner.PickleStepDefinitionMatch.runStep(PickleStepDefinitionMatch.java:63)&#13;
io.cucumber.core.runner.TestStep.executeStep(TestStep.java:84)&#13;
io.cucumber.core.runner.TestStep.run(TestStep.java:56)&#13;
io.cucumber.core.runner.PickleStepTestStep.run(PickleStepTestStep.java:51)&#13;
io.cucumber.core.runner.TestCase.run(TestCase.java:84)&#13;
io.cucumber.core.runner.Runner.runPickle(Runner.java:75)&#13;
io.cucumber.core.runtime.CucumberExecutionContext.lambda$runTestCase$5(CucumberExecutionContext.java:130)&#13;
io.cucumber.core.runtime.RethrowingThrowableCollector.executeAndThrow(RethrowingThrowableCollector.java:23)&#13;
io.cucumber.core.runtime.CucumberExecutionContext.runTestCase(CucumberExecutionContext.java:130)&#13;
io.cucumber.junit.FeatureRunner.runChild(FeatureRunner.java:144)&#13;
io.cucumber.junit.FeatureRunner.runChild(FeatureRunner.java:28)&#13;
io.cucumber.junit.FeatureRunner.run(FeatureRunner.java:137)&#13;
io.cucumber.junit.CucumberSerenityBaseRunner.runChild(CucumberSerenityBaseRunner.java:330)&#13;
io.cucumber.junit.CucumberSerenityBaseRunner.runChild(CucumberSerenityBaseRunner.java:51)&#13;
co.compensar.runners.RunnerPersonalizado.run(RunnerPersonalizado.java:55)&#13;
worker.org.gradle.process.internal.worker.GradleWorkerMain.run(GradleWorkerMain.java:69)&#13;
worker.org.gradle.process.internal.worker.GradleWorkerMain.main(GradleWorkerMain.java:74)&#13;
</system-err></testcase></testsuite>