<?xml version="1.0" encoding="UTF-8" standalone="no"?><testsuite errors="1" failures="0" name="Compra de una Experiencia" skipped="2" tests="3" time="54.03" timestamp="2024-09-19 10:51:18"><testcase name="Compra de experiencia por puntos exitosa"><error message="element click intercepted: Element &lt;input tabindex=&quot;-1&quot; data-testid=&quot;input-bar-header&quot; placeholder=&quot;Busca en nuestras experiencias&quot; class=&quot;ant-input search-bar-header&quot; type=&quot;text&quot; value=&quot;&quot;&gt; is not clickable at point (344, 32). Other element would receive the click: &lt;div class=&quot;ant-col ant-col-24&quot;&gt;...&lt;/div&gt;&#10;  (Session info: chrome=128.0.6613.138)&#10;Build info: version: '4.9.0', revision: 'd7057100a6'&#10;System info: os.name: 'Windows 11', os.arch: 'amd64', os.version: '10.0', java.version: '11.0.23'&#10;Driver info: org.openqa.selenium.chrome.ChromeDriver&#10;Command: [2f10a2e3410e865020f7aa1e6b5d5ae2, clickElement {id=f.47CD6B870E9C767113FFF5D07367B9C4.d.91E69481809BB5848D8CB822B658BB24.e.25}]&#10;Capabilities {acceptInsecureCerts: false, browserName: chrome, browserVersion: 128.0.6613.138, chrome: {chromedriverVersion: 128.0.6613.137 (fe621c5aa2d..., userDataDir: C:\Users\YLMARINS\AppData\L...}, fedcm:accounts: true, goog:chromeOptions: {debuggerAddress: localhost:63702}, networkConnectionEnabled: false, pageLoadStrategy: normal, platformName: WINDOWS, proxy: Proxy(), se:cdp: ws://localhost:63702/devtoo..., se:cdpVersion: 128.0.6613.138, setWindowRect: true, strictFileInteractability: false, timeouts: {implicit: 0, pageLoad: 300000, script: 30000}, unhandledPromptBehavior: dismiss and notify, webauthn:extension:credBlob: true, webauthn:extension:largeBlob: true, webauthn:extension:minPinLength: true, webauthn:extension:prf: true, webauthn:virtualAuthenticators: true}&#10;Element: [[ChromeDriver: chrome on WINDOWS (2f10a2e3410e865020f7aa1e6b5d5ae2)] -&gt; xpath: //input[@class='ant-input search-bar-header']]&#10;Session ID: 2f10a2e3410e865020f7aa1e6b5d5ae2" type="org.openqa.selenium.ElementClickInterceptedException">element click intercepted: Element &lt;input tabindex="-1" data-testid="input-bar-header" placeholder="Busca en nuestras experiencias" class="ant-input search-bar-header" type="text" value=""&gt; is not clickable at point (344, 32). Other element would receive the click: &lt;div class="ant-col ant-col-24"&gt;...&lt;/div&gt;
  (Session info: chrome=128.0.6613.138)
Build info: version: '4.9.0', revision: 'd7057100a6'
System info: os.name: 'Windows 11', os.arch: 'amd64', os.version: '10.0', java.version: '11.0.23'
Driver info: org.openqa.selenium.chrome.ChromeDriver
Command: [2f10a2e3410e865020f7aa1e6b5d5ae2, clickElement {id=f.47CD6B870E9C767113FFF5D07367B9C4.d.91E69481809BB5848D8CB822B658BB24.e.25}]
Capabilities {acceptInsecureCerts: false, browserName: chrome, browserVersion: 128.0.6613.138, chrome: {chromedriverVersion: 128.0.6613.137 (fe621c5aa2d..., userDataDir: C:\Users\YLMARINS\AppData\L...}, fedcm:accounts: true, goog:chromeOptions: {debuggerAddress: localhost:63702}, networkConnectionEnabled: false, pageLoadStrategy: normal, platformName: WINDOWS, proxy: Proxy(), se:cdp: ws://localhost:63702/devtoo..., se:cdpVersion: 128.0.6613.138, setWindowRect: true, strictFileInteractability: false, timeouts: {implicit: 0, pageLoad: 300000, script: 30000}, unhandledPromptBehavior: dismiss and notify, webauthn:extension:credBlob: true, webauthn:extension:largeBlob: true, webauthn:extension:minPinLength: true, webauthn:extension:prf: true, webauthn:virtualAuthenticators: true}
Element: [[ChromeDriver: chrome on WINDOWS (2f10a2e3410e865020f7aa1e6b5d5ae2)] -&gt; xpath: //input[@class='ant-input search-bar-header']]
Session ID: 2f10a2e3410e865020f7aa1e6b5d5ae2</error><system-err>element click intercepted: Element &lt;input tabindex="-1" data-testid="input-bar-header" placeholder="Busca en nuestras experiencias" class="ant-input search-bar-header" type="text" value=""&gt; is not clickable at point (344, 32). Other element would receive the click: &lt;div class="ant-col ant-col-24"&gt;...&lt;/div&gt;
  (Session info: chrome=128.0.6613.138)
Build info: version: '4.9.0', revision: 'd7057100a6'
System info: os.name: 'Windows 11', os.arch: 'amd64', os.version: '10.0', java.version: '11.0.23'
Driver info: org.openqa.selenium.chrome.ChromeDriver
Command: [2f10a2e3410e865020f7aa1e6b5d5ae2, clickElement {id=f.47CD6B870E9C767113FFF5D07367B9C4.d.91E69481809BB5848D8CB822B658BB24.e.25}]
Capabilities {acceptInsecureCerts: false, browserName: chrome, browserVersion: 128.0.6613.138, chrome: {chromedriverVersion: 128.0.6613.137 (fe621c5aa2d..., userDataDir: C:\Users\YLMARINS\AppData\L...}, fedcm:accounts: true, goog:chromeOptions: {debuggerAddress: localhost:63702}, networkConnectionEnabled: false, pageLoadStrategy: normal, platformName: WINDOWS, proxy: Proxy(), se:cdp: ws://localhost:63702/devtoo..., se:cdpVersion: 128.0.6613.138, setWindowRect: true, strictFileInteractability: false, timeouts: {implicit: 0, pageLoad: 300000, script: 30000}, unhandledPromptBehavior: dismiss and notify, webauthn:extension:credBlob: true, webauthn:extension:largeBlob: true, webauthn:extension:minPinLength: true, webauthn:extension:prf: true, webauthn:virtualAuthenticators: true}
Element: [[ChromeDriver: chrome on WINDOWS (2f10a2e3410e865020f7aa1e6b5d5ae2)] -&gt; xpath: //input[@class='ant-input search-bar-header']]
Session ID: 2f10a2e3410e865020f7aa1e6b5d5ae2&#13;
co.compensar.tasks.ComprarConPuntosExperiencia.performAs(ComprarConPuntosExperiencia.java:26)&#13;
co.compensar.stepDefinitions.CompraConPuntosStepDefinition.elUsuarioSeleccionaUnaExperienciaParaComprar(CompraConPuntosStepDefinition.java:18)&#13;
io.cucumber.java.Invoker.doInvoke(Invoker.java:66)&#13;
io.cucumber.java.Invoker.invoke(Invoker.java:24)&#13;
io.cucumber.java.AbstractGlueDefinition.invokeMethod(AbstractGlueDefinition.java:47)&#13;
io.cucumber.java.JavaStepDefinition.execute(JavaStepDefinition.java:29)&#13;
io.cucumber.core.runner.CoreStepDefinition.execute(CoreStepDefinition.java:66)&#13;
io.cucumber.core.runner.PickleStepDefinitionMatch.runStep(PickleStepDefinitionMatch.java:63)&#13;
io.cucumber.core.runner.TestStep.executeStep(TestStep.java:84)&#13;
io.cucumber.core.runner.TestStep.run(TestStep.java:56)&#13;
io.cucumber.core.runner.PickleStepTestStep.run(PickleStepTestStep.java:51)&#13;
io.cucumber.core.runner.TestCase.run(TestCase.java:84)&#13;
io.cucumber.core.runner.Runner.runPickle(Runner.java:75)&#13;
io.cucumber.core.runtime.CucumberExecutionContext.lambda$runTestCase$5(CucumberExecutionContext.java:130)&#13;
io.cucumber.core.runtime.RethrowingThrowableCollector.executeAndThrow(RethrowingThrowableCollector.java:23)&#13;
io.cucumber.core.runtime.CucumberExecutionContext.runTestCase(CucumberExecutionContext.java:130)&#13;
io.cucumber.junit.FeatureRunner.runChild(FeatureRunner.java:144)&#13;
io.cucumber.junit.FeatureRunner.runChild(FeatureRunner.java:28)&#13;
io.cucumber.junit.FeatureRunner.run(FeatureRunner.java:137)&#13;
io.cucumber.junit.CucumberSerenityBaseRunner.runChild(CucumberSerenityBaseRunner.java:330)&#13;
io.cucumber.junit.CucumberSerenityBaseRunner.runChild(CucumberSerenityBaseRunner.java:51)&#13;
co.compensar.runners.RunnerPersonalizado.run(RunnerPersonalizado.java:55)&#13;
worker.org.gradle.process.internal.worker.GradleWorkerMain.run(GradleWorkerMain.java:69)&#13;
worker.org.gradle.process.internal.worker.GradleWorkerMain.main(GradleWorkerMain.java:74)&#13;
</system-err></testcase></testsuite>